2022-06-29 13:43:07,359 DEBUG    root            Loaded Command Group: ['gcloud', 'components']
2022-06-29 13:43:07,363 DEBUG    root            Loaded Command Group: ['gcloud', 'components', 'update']
2022-06-29 13:43:07,365 DEBUG    root            Running [gcloud.components.update] with arguments: [--allow-no-backup: "True", --quiet: "True", COMPONENT-IDS:6: "['core', 'gcloud-deps', 'bq', 'gcloud', 'gsutil', 'anthoscli']"]
2022-06-29 13:43:07,371 INFO     ___FILE_ONLY___ Beginning update. This process may take several minutes.

2022-06-29 13:43:19,400 DEBUG    urllib3.connectionpool Starting new HTTPS connection (1): dl.google.com:443
2022-06-29 13:43:19,425 DEBUG    urllib3.connectionpool https://dl.google.com:443 "GET /dl/cloudsdk/channels/rapid/components-2.json HTTP/1.1" 200 192551
2022-06-29 13:43:19,482 INFO     ___FILE_ONLY___ 

2022-06-29 13:43:19,483 INFO     ___FILE_ONLY___ 
Your current Google Cloud CLI version is: 392.0.0

2022-06-29 13:43:19,483 INFO     ___FILE_ONLY___ Installing components from version: 392.0.0

2022-06-29 13:43:19,483 INFO     ___FILE_ONLY___ 

2022-06-29 13:43:19,490 INFO     ___FILE_ONLY___ ┌─────────────────────────────────────────────────────────────────────────────┐
2022-06-29 13:43:19,490 INFO     ___FILE_ONLY___ 

2022-06-29 13:43:19,490 INFO     ___FILE_ONLY___ │                     These components will be installed.                     │
2022-06-29 13:43:19,491 INFO     ___FILE_ONLY___ 

2022-06-29 13:43:19,491 INFO     ___FILE_ONLY___ ├─────────────────────────────────────────────────────┬────────────┬──────────┤
2022-06-29 13:43:19,491 INFO     ___FILE_ONLY___ 

2022-06-29 13:43:19,491 INFO     ___FILE_ONLY___ │                         Name                        │  Version   │   Size   │
2022-06-29 13:43:19,491 INFO     ___FILE_ONLY___ 

2022-06-29 13:43:19,491 INFO     ___FILE_ONLY___ ├─────────────────────────────────────────────────────┼────────────┼──────────┤
2022-06-29 13:43:19,491 INFO     ___FILE_ONLY___ 

2022-06-29 13:43:19,491 INFO     ___FILE_ONLY___ │ 
2022-06-29 13:43:19,491 INFO     ___FILE_ONLY___ BigQuery Command Line Tool                         
2022-06-29 13:43:19,491 INFO     ___FILE_ONLY___  
2022-06-29 13:43:19,491 INFO     ___FILE_ONLY___ │ 
2022-06-29 13:43:19,491 INFO     ___FILE_ONLY___     2.0.75
2022-06-29 13:43:19,492 INFO     ___FILE_ONLY___  
2022-06-29 13:43:19,492 INFO     ___FILE_ONLY___ │ 
2022-06-29 13:43:19,492 INFO     ___FILE_ONLY___  1.6 MiB
2022-06-29 13:43:19,492 INFO     ___FILE_ONLY___  
2022-06-29 13:43:19,492 INFO     ___FILE_ONLY___ │
2022-06-29 13:43:19,492 INFO     ___FILE_ONLY___ 

2022-06-29 13:43:19,492 INFO     ___FILE_ONLY___ │ 
2022-06-29 13:43:19,492 INFO     ___FILE_ONLY___ BigQuery Command Line Tool (Platform Specific)     
2022-06-29 13:43:19,492 INFO     ___FILE_ONLY___  
2022-06-29 13:43:19,492 INFO     ___FILE_ONLY___ │ 
2022-06-29 13:43:19,492 INFO     ___FILE_ONLY___     2.0.73
2022-06-29 13:43:19,492 INFO     ___FILE_ONLY___  
2022-06-29 13:43:19,492 INFO     ___FILE_ONLY___ │ 
2022-06-29 13:43:19,492 INFO     ___FILE_ONLY___  < 1 MiB
2022-06-29 13:43:19,492 INFO     ___FILE_ONLY___  
2022-06-29 13:43:19,493 INFO     ___FILE_ONLY___ │
2022-06-29 13:43:19,493 INFO     ___FILE_ONLY___ 

2022-06-29 13:43:19,493 INFO     ___FILE_ONLY___ │ 
2022-06-29 13:43:19,493 INFO     ___FILE_ONLY___ Cloud Storage Command Line Tool                    
2022-06-29 13:43:19,493 INFO     ___FILE_ONLY___  
2022-06-29 13:43:19,493 INFO     ___FILE_ONLY___ │ 
2022-06-29 13:43:19,493 INFO     ___FILE_ONLY___       5.10
2022-06-29 13:43:19,493 INFO     ___FILE_ONLY___  
2022-06-29 13:43:19,493 INFO     ___FILE_ONLY___ │ 
2022-06-29 13:43:19,493 INFO     ___FILE_ONLY___ 15.5 MiB
2022-06-29 13:43:19,493 INFO     ___FILE_ONLY___  
2022-06-29 13:43:19,494 INFO     ___FILE_ONLY___ │
2022-06-29 13:43:19,494 INFO     ___FILE_ONLY___ 

2022-06-29 13:43:19,494 INFO     ___FILE_ONLY___ │ 
2022-06-29 13:43:19,494 INFO     ___FILE_ONLY___ Cloud Storage Command Line Tool (Platform Specific)
2022-06-29 13:43:19,494 INFO     ___FILE_ONLY___  
2022-06-29 13:43:19,494 INFO     ___FILE_ONLY___ │ 
2022-06-29 13:43:19,494 INFO     ___FILE_ONLY___        5.6
2022-06-29 13:43:19,494 INFO     ___FILE_ONLY___  
2022-06-29 13:43:19,494 INFO     ___FILE_ONLY___ │ 
2022-06-29 13:43:19,494 INFO     ___FILE_ONLY___  < 1 MiB
2022-06-29 13:43:19,495 INFO     ___FILE_ONLY___  
2022-06-29 13:43:19,495 INFO     ___FILE_ONLY___ │
2022-06-29 13:43:19,495 INFO     ___FILE_ONLY___ 

2022-06-29 13:43:19,495 INFO     ___FILE_ONLY___ │ 
2022-06-29 13:43:19,495 INFO     ___FILE_ONLY___ Google Cloud CLI Core Libraries (Platform Specific)
2022-06-29 13:43:19,495 INFO     ___FILE_ONLY___  
2022-06-29 13:43:19,495 INFO     ___FILE_ONLY___ │ 
2022-06-29 13:43:19,495 INFO     ___FILE_ONLY___ 2022.01.28
2022-06-29 13:43:19,495 INFO     ___FILE_ONLY___  
2022-06-29 13:43:19,495 INFO     ___FILE_ONLY___ │ 
2022-06-29 13:43:19,496 INFO     ___FILE_ONLY___  < 1 MiB
2022-06-29 13:43:19,496 INFO     ___FILE_ONLY___  
2022-06-29 13:43:19,496 INFO     ___FILE_ONLY___ │
2022-06-29 13:43:19,496 INFO     ___FILE_ONLY___ 

2022-06-29 13:43:19,496 INFO     ___FILE_ONLY___ │ 
2022-06-29 13:43:19,496 INFO     ___FILE_ONLY___ anthoscli                                          
2022-06-29 13:43:19,496 INFO     ___FILE_ONLY___  
2022-06-29 13:43:19,496 INFO     ___FILE_ONLY___ │ 
2022-06-29 13:43:19,496 INFO     ___FILE_ONLY___     0.2.28
2022-06-29 13:43:19,496 INFO     ___FILE_ONLY___  
2022-06-29 13:43:19,497 INFO     ___FILE_ONLY___ │ 
2022-06-29 13:43:19,497 INFO     ___FILE_ONLY___ 47.7 MiB
2022-06-29 13:43:19,497 INFO     ___FILE_ONLY___  
2022-06-29 13:43:19,497 INFO     ___FILE_ONLY___ │
2022-06-29 13:43:19,497 INFO     ___FILE_ONLY___ 

2022-06-29 13:43:19,497 INFO     ___FILE_ONLY___ │ 
2022-06-29 13:43:19,497 INFO     ___FILE_ONLY___ gcloud cli dependencies                            
2022-06-29 13:43:19,497 INFO     ___FILE_ONLY___  
2022-06-29 13:43:19,497 INFO     ___FILE_ONLY___ │ 
2022-06-29 13:43:19,497 INFO     ___FILE_ONLY___ 2021.04.16
2022-06-29 13:43:19,498 INFO     ___FILE_ONLY___  
2022-06-29 13:43:19,498 INFO     ___FILE_ONLY___ │ 
2022-06-29 13:43:19,498 INFO     ___FILE_ONLY___  < 1 MiB
2022-06-29 13:43:19,498 INFO     ___FILE_ONLY___  
2022-06-29 13:43:19,498 INFO     ___FILE_ONLY___ │
2022-06-29 13:43:19,498 INFO     ___FILE_ONLY___ 

2022-06-29 13:43:19,498 INFO     ___FILE_ONLY___ └─────────────────────────────────────────────────────┴────────────┴──────────┘
2022-06-29 13:43:19,498 INFO     ___FILE_ONLY___ 

2022-06-29 13:43:19,498 INFO     ___FILE_ONLY___ 

2022-06-29 13:43:19,501 DEBUG    urllib3.connectionpool Starting new HTTPS connection (1): dl.google.com:443
2022-06-29 13:43:19,519 DEBUG    urllib3.connectionpool https://dl.google.com:443 "GET /dl/cloudsdk/channels/rapid/RELEASE_NOTES HTTP/1.1" 200 827483
2022-06-29 13:43:19,573 INFO     ___FILE_ONLY___ For the latest full release notes, please visit:
  https://cloud.google.com/sdk/release_notes


2022-06-29 13:43:19,578 INFO     ___FILE_ONLY___ ╔════════════════════════════════════════════════════════════╗

2022-06-29 13:43:19,579 INFO     ___FILE_ONLY___ ╠═ Creating update staging area                             ═╣

2022-06-29 13:43:19,579 INFO     ___FILE_ONLY___ ╚
2022-06-29 13:43:19,579 INFO     ___FILE_ONLY___ ══════
2022-06-29 13:43:19,579 INFO     ___FILE_ONLY___ ══════
2022-06-29 13:43:19,580 INFO     ___FILE_ONLY___ ══════
2022-06-29 13:43:19,762 INFO     ___FILE_ONLY___ ═
2022-06-29 13:43:19,834 INFO     ___FILE_ONLY___ ═
2022-06-29 13:43:19,900 INFO     ___FILE_ONLY___ ═
2022-06-29 13:43:19,951 INFO     ___FILE_ONLY___ ═
2022-06-29 13:43:20,076 INFO     ___FILE_ONLY___ ═
2022-06-29 13:43:20,101 INFO     ___FILE_ONLY___ ═
2022-06-29 13:43:20,126 INFO     ___FILE_ONLY___ ═
2022-06-29 13:43:20,156 INFO     ___FILE_ONLY___ ═
2022-06-29 13:43:20,184 INFO     ___FILE_ONLY___ ═
2022-06-29 13:43:20,227 INFO     ___FILE_ONLY___ ═
2022-06-29 13:43:20,256 INFO     ___FILE_ONLY___ ═
2022-06-29 13:43:20,399 INFO     ___FILE_ONLY___ ═
2022-06-29 13:43:20,490 INFO     ___FILE_ONLY___ ═
2022-06-29 13:43:20,550 INFO     ___FILE_ONLY___ ═
2022-06-29 13:43:20,592 INFO     ___FILE_ONLY___ ═
2022-06-29 13:43:20,643 INFO     ___FILE_ONLY___ ═
2022-06-29 13:43:20,691 INFO     ___FILE_ONLY___ ═
2022-06-29 13:43:20,749 INFO     ___FILE_ONLY___ ═
2022-06-29 13:43:20,810 INFO     ___FILE_ONLY___ ═
2022-06-29 13:43:20,855 INFO     ___FILE_ONLY___ ═
2022-06-29 13:43:20,898 INFO     ___FILE_ONLY___ ═
2022-06-29 13:43:20,952 INFO     ___FILE_ONLY___ ═
2022-06-29 13:43:21,010 INFO     ___FILE_ONLY___ ═
2022-06-29 13:43:21,070 INFO     ___FILE_ONLY___ ═
2022-06-29 13:43:21,123 INFO     ___FILE_ONLY___ ═
2022-06-29 13:43:21,169 INFO     ___FILE_ONLY___ ═
2022-06-29 13:43:21,221 INFO     ___FILE_ONLY___ ═
2022-06-29 13:43:21,280 INFO     ___FILE_ONLY___ ═
2022-06-29 13:43:21,337 INFO     ___FILE_ONLY___ ═
2022-06-29 13:43:21,401 INFO     ___FILE_ONLY___ ═
2022-06-29 13:43:21,456 INFO     ___FILE_ONLY___ ═
2022-06-29 13:43:21,518 INFO     ___FILE_ONLY___ ═
2022-06-29 13:43:21,606 INFO     ___FILE_ONLY___ ═
2022-06-29 13:43:21,680 INFO     ___FILE_ONLY___ ═
2022-06-29 13:43:21,755 INFO     ___FILE_ONLY___ ═
2022-06-29 13:43:21,795 INFO     ___FILE_ONLY___ ═
2022-06-29 13:43:21,851 INFO     ___FILE_ONLY___ ═
2022-06-29 13:43:21,907 INFO     ___FILE_ONLY___ ═
2022-06-29 13:43:21,949 INFO     ___FILE_ONLY___ ═
2022-06-29 13:43:21,986 INFO     ___FILE_ONLY___ ═
2022-06-29 13:43:22,037 INFO     ___FILE_ONLY___ ═
2022-06-29 13:43:22,080 INFO     ___FILE_ONLY___ ═
2022-06-29 13:43:22,080 INFO     ___FILE_ONLY___ ╝

2022-06-29 13:43:22,330 INFO     ___FILE_ONLY___ ╔════════════════════════════════════════════════════════════╗

2022-06-29 13:43:22,330 INFO     ___FILE_ONLY___ ╠═ Installing: BigQuery Command Line Tool                   ═╣

2022-06-29 13:43:22,330 INFO     ___FILE_ONLY___ ╚
2022-06-29 13:43:22,334 DEBUG    urllib3.connectionpool Starting new HTTPS connection (1): dl.google.com:443
2022-06-29 13:43:22,355 DEBUG    urllib3.connectionpool https://dl.google.com:443 "GET /dl/cloudsdk/channels/rapid/components/google-cloud-sdk-bq-20220610143733.tar.gz HTTP/1.1" 200 1630286
2022-06-29 13:43:22,371 INFO     ___FILE_ONLY___ ═
2022-06-29 13:43:22,371 INFO     ___FILE_ONLY___ ═
2022-06-29 13:43:22,371 INFO     ___FILE_ONLY___ ═
2022-06-29 13:43:22,371 INFO     ___FILE_ONLY___ ═
2022-06-29 13:43:22,371 INFO     ___FILE_ONLY___ ═
2022-06-29 13:43:22,372 INFO     ___FILE_ONLY___ ═
2022-06-29 13:43:22,372 INFO     ___FILE_ONLY___ ═
2022-06-29 13:43:22,372 INFO     ___FILE_ONLY___ ═
2022-06-29 13:43:22,372 INFO     ___FILE_ONLY___ ═
2022-06-29 13:43:22,373 INFO     ___FILE_ONLY___ ═
2022-06-29 13:43:22,373 INFO     ___FILE_ONLY___ ═
2022-06-29 13:43:22,373 INFO     ___FILE_ONLY___ ═
2022-06-29 13:43:22,373 INFO     ___FILE_ONLY___ ═
2022-06-29 13:43:22,373 INFO     ___FILE_ONLY___ ═
2022-06-29 13:43:22,374 INFO     ___FILE_ONLY___ ═
2022-06-29 13:43:22,374 INFO     ___FILE_ONLY___ ═
2022-06-29 13:43:22,374 INFO     ___FILE_ONLY___ ═
2022-06-29 13:43:22,374 INFO     ___FILE_ONLY___ ═
2022-06-29 13:43:22,375 INFO     ___FILE_ONLY___ ═
2022-06-29 13:43:22,375 INFO     ___FILE_ONLY___ ═
2022-06-29 13:43:22,375 INFO     ___FILE_ONLY___ ═
2022-06-29 13:43:22,375 INFO     ___FILE_ONLY___ ═
2022-06-29 13:43:22,375 INFO     ___FILE_ONLY___ ═
2022-06-29 13:43:22,375 INFO     ___FILE_ONLY___ ═
2022-06-29 13:43:22,376 INFO     ___FILE_ONLY___ ═
2022-06-29 13:43:22,376 INFO     ___FILE_ONLY___ ═
2022-06-29 13:43:22,376 INFO     ___FILE_ONLY___ ═
2022-06-29 13:43:22,376 INFO     ___FILE_ONLY___ ═
2022-06-29 13:43:22,376 INFO     ___FILE_ONLY___ ═
2022-06-29 13:43:22,376 INFO     ___FILE_ONLY___ ═
2022-06-29 13:43:22,504 INFO     ___FILE_ONLY___ ═
2022-06-29 13:43:22,509 INFO     ___FILE_ONLY___ ═
2022-06-29 13:43:22,513 INFO     ___FILE_ONLY___ ═
2022-06-29 13:43:22,520 INFO     ___FILE_ONLY___ ═
2022-06-29 13:43:22,524 INFO     ___FILE_ONLY___ ═
2022-06-29 13:43:22,528 INFO     ___FILE_ONLY___ ═
2022-06-29 13:43:22,532 INFO     ___FILE_ONLY___ ═
2022-06-29 13:43:22,536 INFO     ___FILE_ONLY___ ═
2022-06-29 13:43:22,540 INFO     ___FILE_ONLY___ ═
2022-06-29 13:43:22,545 INFO     ___FILE_ONLY___ ═
2022-06-29 13:43:22,549 INFO     ___FILE_ONLY___ ═
2022-06-29 13:43:22,553 INFO     ___FILE_ONLY___ ═
2022-06-29 13:43:22,559 INFO     ___FILE_ONLY___ ═
2022-06-29 13:43:22,564 INFO     ___FILE_ONLY___ ═
2022-06-29 13:43:22,570 INFO     ___FILE_ONLY___ ═
2022-06-29 13:43:22,574 INFO     ___FILE_ONLY___ ═
2022-06-29 13:43:22,578 INFO     ___FILE_ONLY___ ═
2022-06-29 13:43:22,581 INFO     ___FILE_ONLY___ ═
2022-06-29 13:43:22,585 INFO     ___FILE_ONLY___ ═
2022-06-29 13:43:22,589 INFO     ___FILE_ONLY___ ═
2022-06-29 13:43:22,596 INFO     ___FILE_ONLY___ ═
2022-06-29 13:43:22,599 INFO     ___FILE_ONLY___ ═
2022-06-29 13:43:22,604 INFO     ___FILE_ONLY___ ═
2022-06-29 13:43:22,607 INFO     ___FILE_ONLY___ ═
2022-06-29 13:43:22,612 INFO     ___FILE_ONLY___ ═
2022-06-29 13:43:22,616 INFO     ___FILE_ONLY___ ═
2022-06-29 13:43:22,620 INFO     ___FILE_ONLY___ ═
2022-06-29 13:43:22,624 INFO     ___FILE_ONLY___ ═
2022-06-29 13:43:22,628 INFO     ___FILE_ONLY___ ═
2022-06-29 13:43:22,632 INFO     ___FILE_ONLY___ ═
2022-06-29 13:43:22,632 INFO     ___FILE_ONLY___ ╝

2022-06-29 13:43:22,651 INFO     ___FILE_ONLY___ ╔════════════════════════════════════════════════════════════╗

2022-06-29 13:43:22,651 INFO     ___FILE_ONLY___ ╠═ Installing: BigQuery Command Line Tool (Platform Spec... ═╣

2022-06-29 13:43:22,651 INFO     ___FILE_ONLY___ ╚
2022-06-29 13:43:22,655 DEBUG    urllib3.connectionpool Starting new HTTPS connection (1): dl.google.com:443
2022-06-29 13:43:22,675 DEBUG    urllib3.connectionpool https://dl.google.com:443 "GET /dl/cloudsdk/channels/rapid/components/google-cloud-sdk-bq-nix-20220128152443.tar.gz HTTP/1.1" 200 1943
2022-06-29 13:43:22,676 INFO     ___FILE_ONLY___ ══════════════════════════════
2022-06-29 13:43:22,677 INFO     ___FILE_ONLY___ ══════════════════════════════
2022-06-29 13:43:22,677 INFO     ___FILE_ONLY___ ╝

2022-06-29 13:43:22,688 INFO     ___FILE_ONLY___ ╔════════════════════════════════════════════════════════════╗

2022-06-29 13:43:22,688 INFO     ___FILE_ONLY___ ╠═ Installing: Cloud Storage Command Line Tool              ═╣

2022-06-29 13:43:22,688 INFO     ___FILE_ONLY___ ╚
2022-06-29 13:43:22,691 DEBUG    urllib3.connectionpool Starting new HTTPS connection (1): dl.google.com:443
2022-06-29 13:43:22,711 DEBUG    urllib3.connectionpool https://dl.google.com:443 "GET /dl/cloudsdk/channels/rapid/components/google-cloud-sdk-gsutil-20220504215042.tar.gz HTTP/1.1" 200 16215233
2022-06-29 13:43:22,794 INFO     ___FILE_ONLY___ ═
2022-06-29 13:43:22,795 INFO     ___FILE_ONLY___ ═
2022-06-29 13:43:22,795 INFO     ___FILE_ONLY___ ═
2022-06-29 13:43:22,796 INFO     ___FILE_ONLY___ ═
2022-06-29 13:43:22,797 INFO     ___FILE_ONLY___ ═
2022-06-29 13:43:22,797 INFO     ___FILE_ONLY___ ═
2022-06-29 13:43:22,798 INFO     ___FILE_ONLY___ ═
2022-06-29 13:43:22,799 INFO     ___FILE_ONLY___ ═
2022-06-29 13:43:22,800 INFO     ___FILE_ONLY___ ═
2022-06-29 13:43:22,800 INFO     ___FILE_ONLY___ ═
2022-06-29 13:43:22,801 INFO     ___FILE_ONLY___ ═
2022-06-29 13:43:22,802 INFO     ___FILE_ONLY___ ═
2022-06-29 13:43:22,803 INFO     ___FILE_ONLY___ ═
2022-06-29 13:43:22,803 INFO     ___FILE_ONLY___ ═
2022-06-29 13:43:22,804 INFO     ___FILE_ONLY___ ═
2022-06-29 13:43:22,805 INFO     ___FILE_ONLY___ ═
2022-06-29 13:43:22,806 INFO     ___FILE_ONLY___ ═
2022-06-29 13:43:22,806 INFO     ___FILE_ONLY___ ═
2022-06-29 13:43:22,807 INFO     ___FILE_ONLY___ ═
2022-06-29 13:43:22,808 INFO     ___FILE_ONLY___ ═
2022-06-29 13:43:22,809 INFO     ___FILE_ONLY___ ═
2022-06-29 13:43:22,809 INFO     ___FILE_ONLY___ ═
2022-06-29 13:43:22,810 INFO     ___FILE_ONLY___ ═
2022-06-29 13:43:22,811 INFO     ___FILE_ONLY___ ═
2022-06-29 13:43:22,812 INFO     ___FILE_ONLY___ ═
2022-06-29 13:43:22,813 INFO     ___FILE_ONLY___ ═
2022-06-29 13:43:22,813 INFO     ___FILE_ONLY___ ═
2022-06-29 13:43:22,814 INFO     ___FILE_ONLY___ ═
2022-06-29 13:43:22,815 INFO     ___FILE_ONLY___ ═
2022-06-29 13:43:22,816 INFO     ___FILE_ONLY___ ═
2022-06-29 13:43:24,127 INFO     ___FILE_ONLY___ ═
2022-06-29 13:43:24,181 INFO     ___FILE_ONLY___ ═
2022-06-29 13:43:24,226 INFO     ___FILE_ONLY___ ═
2022-06-29 13:43:24,267 INFO     ___FILE_ONLY___ ═
2022-06-29 13:43:24,311 INFO     ___FILE_ONLY___ ═
2022-06-29 13:43:24,378 INFO     ___FILE_ONLY___ ═
2022-06-29 13:43:24,431 INFO     ___FILE_ONLY___ ═
2022-06-29 13:43:24,500 INFO     ___FILE_ONLY___ ═
2022-06-29 13:43:24,558 INFO     ___FILE_ONLY___ ═
2022-06-29 13:43:24,597 INFO     ___FILE_ONLY___ ═
2022-06-29 13:43:24,643 INFO     ___FILE_ONLY___ ═
2022-06-29 13:43:24,693 INFO     ___FILE_ONLY___ ═
2022-06-29 13:43:24,752 INFO     ___FILE_ONLY___ ═
2022-06-29 13:43:24,827 INFO     ___FILE_ONLY___ ═
2022-06-29 13:43:24,880 INFO     ___FILE_ONLY___ ═
2022-06-29 13:43:24,919 INFO     ___FILE_ONLY___ ═
2022-06-29 13:43:24,963 INFO     ___FILE_ONLY___ ═
2022-06-29 13:43:25,006 INFO     ___FILE_ONLY___ ═
2022-06-29 13:43:25,047 INFO     ___FILE_ONLY___ ═
2022-06-29 13:43:25,093 INFO     ___FILE_ONLY___ ═
2022-06-29 13:43:25,141 INFO     ___FILE_ONLY___ ═
2022-06-29 13:43:25,188 INFO     ___FILE_ONLY___ ═
2022-06-29 13:43:25,243 INFO     ___FILE_ONLY___ ═
2022-06-29 13:43:25,289 INFO     ___FILE_ONLY___ ═
2022-06-29 13:43:25,342 INFO     ___FILE_ONLY___ ═
2022-06-29 13:43:25,396 INFO     ___FILE_ONLY___ ═
2022-06-29 13:43:25,438 INFO     ___FILE_ONLY___ ═
2022-06-29 13:43:25,477 INFO     ___FILE_ONLY___ ═
2022-06-29 13:43:25,517 INFO     ___FILE_ONLY___ ═
2022-06-29 13:43:25,573 INFO     ___FILE_ONLY___ ═
2022-06-29 13:43:25,573 INFO     ___FILE_ONLY___ ╝

2022-06-29 13:43:25,688 INFO     ___FILE_ONLY___ ╔════════════════════════════════════════════════════════════╗

2022-06-29 13:43:25,688 INFO     ___FILE_ONLY___ ╠═ Installing: Cloud Storage Command Line Tool (Platform... ═╣

2022-06-29 13:43:25,689 INFO     ___FILE_ONLY___ ╚
2022-06-29 13:43:25,692 DEBUG    urllib3.connectionpool Starting new HTTPS connection (1): dl.google.com:443
2022-06-29 13:43:25,714 DEBUG    urllib3.connectionpool https://dl.google.com:443 "GET /dl/cloudsdk/channels/rapid/components/google-cloud-sdk-gsutil-nix-20220128152443.tar.gz HTTP/1.1" 200 1955
2022-06-29 13:43:25,714 INFO     ___FILE_ONLY___ ══════════════════════════════
2022-06-29 13:43:25,715 INFO     ___FILE_ONLY___ ══════════════════════════════
2022-06-29 13:43:25,716 INFO     ___FILE_ONLY___ ╝

2022-06-29 13:43:25,727 INFO     ___FILE_ONLY___ ╔════════════════════════════════════════════════════════════╗

2022-06-29 13:43:25,727 INFO     ___FILE_ONLY___ ╠═ Installing: Default set of gcloud commands               ═╣

2022-06-29 13:43:25,727 INFO     ___FILE_ONLY___ ╚
2022-06-29 13:43:25,732 INFO     ___FILE_ONLY___ ════════════════════════════════════════════════════════════
2022-06-29 13:43:25,732 INFO     ___FILE_ONLY___ ╝

2022-06-29 13:43:25,736 INFO     ___FILE_ONLY___ ╔════════════════════════════════════════════════════════════╗

2022-06-29 13:43:25,736 INFO     ___FILE_ONLY___ ╠═ Installing: Google Cloud CLI Core Libraries (Platform... ═╣

2022-06-29 13:43:25,737 INFO     ___FILE_ONLY___ ╚
2022-06-29 13:43:25,740 DEBUG    urllib3.connectionpool Starting new HTTPS connection (1): dl.google.com:443
2022-06-29 13:43:25,759 DEBUG    urllib3.connectionpool https://dl.google.com:443 "GET /dl/cloudsdk/channels/rapid/components/google-cloud-sdk-core-nix-20220128152443.tar.gz HTTP/1.1" 200 2321
2022-06-29 13:43:25,760 INFO     ___FILE_ONLY___ ══════════════════════════════
2022-06-29 13:43:25,761 INFO     ___FILE_ONLY___ ═══════════════
2022-06-29 13:43:25,762 INFO     ___FILE_ONLY___ ═══════════════
2022-06-29 13:43:25,762 INFO     ___FILE_ONLY___ ╝

2022-06-29 13:43:25,773 INFO     ___FILE_ONLY___ ╔════════════════════════════════════════════════════════════╗

2022-06-29 13:43:25,773 INFO     ___FILE_ONLY___ ╠═ Installing: anthoscli                                    ═╣

2022-06-29 13:43:25,773 INFO     ___FILE_ONLY___ ╚
2022-06-29 13:43:25,778 INFO     ___FILE_ONLY___ ════════════════════════════════════════════════════════════
2022-06-29 13:43:25,778 INFO     ___FILE_ONLY___ ╝

2022-06-29 13:43:25,782 INFO     ___FILE_ONLY___ ╔════════════════════════════════════════════════════════════╗

2022-06-29 13:43:25,783 INFO     ___FILE_ONLY___ ╠═ Installing: anthoscli                                    ═╣

2022-06-29 13:43:25,783 INFO     ___FILE_ONLY___ ╚
2022-06-29 13:43:25,786 DEBUG    urllib3.connectionpool Starting new HTTPS connection (1): dl.google.com:443
2022-06-29 13:43:25,807 DEBUG    urllib3.connectionpool https://dl.google.com:443 "GET /dl/cloudsdk/channels/rapid/components/google-cloud-sdk-anthoscli-linux-x86_64-20220617150114.tar.gz HTTP/1.1" 200 49978629
2022-06-29 13:43:26,051 INFO     ___FILE_ONLY___ ═
2022-06-29 13:43:26,054 INFO     ___FILE_ONLY___ ═
2022-06-29 13:43:26,056 INFO     ___FILE_ONLY___ ═
2022-06-29 13:43:26,058 INFO     ___FILE_ONLY___ ═
2022-06-29 13:43:26,060 INFO     ___FILE_ONLY___ ═
2022-06-29 13:43:26,062 INFO     ___FILE_ONLY___ ═
2022-06-29 13:43:26,065 INFO     ___FILE_ONLY___ ═
2022-06-29 13:43:26,067 INFO     ___FILE_ONLY___ ═
2022-06-29 13:43:26,069 INFO     ___FILE_ONLY___ ═
2022-06-29 13:43:26,071 INFO     ___FILE_ONLY___ ═
2022-06-29 13:43:26,073 INFO     ___FILE_ONLY___ ═
2022-06-29 13:43:26,075 INFO     ___FILE_ONLY___ ═
2022-06-29 13:43:26,078 INFO     ___FILE_ONLY___ ═
2022-06-29 13:43:26,080 INFO     ___FILE_ONLY___ ═
2022-06-29 13:43:26,082 INFO     ___FILE_ONLY___ ═
2022-06-29 13:43:26,084 INFO     ___FILE_ONLY___ ═
2022-06-29 13:43:26,087 INFO     ___FILE_ONLY___ ═
2022-06-29 13:43:26,089 INFO     ___FILE_ONLY___ ═
2022-06-29 13:43:26,091 INFO     ___FILE_ONLY___ ═
2022-06-29 13:43:26,093 INFO     ___FILE_ONLY___ ═
2022-06-29 13:43:26,096 INFO     ___FILE_ONLY___ ═
2022-06-29 13:43:26,098 INFO     ___FILE_ONLY___ ═
2022-06-29 13:43:26,100 INFO     ___FILE_ONLY___ ═
2022-06-29 13:43:26,103 INFO     ___FILE_ONLY___ ═
2022-06-29 13:43:26,105 INFO     ___FILE_ONLY___ ═
2022-06-29 13:43:26,107 INFO     ___FILE_ONLY___ ═
2022-06-29 13:43:26,110 INFO     ___FILE_ONLY___ ═
2022-06-29 13:43:26,112 INFO     ___FILE_ONLY___ ═
2022-06-29 13:43:26,114 INFO     ___FILE_ONLY___ ═
2022-06-29 13:43:26,116 INFO     ___FILE_ONLY___ ═
2022-06-29 13:43:27,877 INFO     ___FILE_ONLY___ ══════════
2022-06-29 13:43:27,883 INFO     ___FILE_ONLY___ ═════════
2022-06-29 13:43:27,907 INFO     ___FILE_ONLY___ ═══════════
2022-06-29 13:43:27,907 INFO     ___FILE_ONLY___ ╝

2022-06-29 13:43:27,929 INFO     ___FILE_ONLY___ ╔════════════════════════════════════════════════════════════╗

2022-06-29 13:43:27,929 INFO     ___FILE_ONLY___ ╠═ Installing: gcloud cli dependencies                      ═╣

2022-06-29 13:43:27,929 INFO     ___FILE_ONLY___ ╚
2022-06-29 13:43:27,933 DEBUG    urllib3.connectionpool Starting new HTTPS connection (1): dl.google.com:443
2022-06-29 13:43:27,951 DEBUG    urllib3.connectionpool https://dl.google.com:443 "GET /dl/cloudsdk/channels/rapid/components/google-cloud-sdk-gcloud-deps-linux-x86_64-20210416153011.tar.gz HTTP/1.1" 200 104
2022-06-29 13:43:27,952 INFO     ___FILE_ONLY___ ══════════════════════════════
2022-06-29 13:43:27,952 INFO     ___FILE_ONLY___ ══════════════════════════════
2022-06-29 13:43:27,952 INFO     ___FILE_ONLY___ ╝

2022-06-29 13:43:27,963 INFO     ___FILE_ONLY___ ╔════════════════════════════════════════════════════════════╗

2022-06-29 13:43:27,964 INFO     ___FILE_ONLY___ ╠═ Creating backup and activating new installation          ═╣

2022-06-29 13:43:27,964 INFO     ___FILE_ONLY___ ╚
2022-06-29 13:43:27,964 DEBUG    root            Attempting to move directory [/tools/google-cloud-sdk] to [/tools/google-cloud-sdk.staging/.install/.backup]
2022-06-29 13:43:27,964 INFO     ___FILE_ONLY___ ══════════════════════════════
2022-06-29 13:43:27,964 DEBUG    root            Attempting to move directory [/tools/google-cloud-sdk.staging] to [/tools/google-cloud-sdk]
2022-06-29 13:43:27,964 INFO     ___FILE_ONLY___ ══════════════════════════════
2022-06-29 13:43:27,965 INFO     ___FILE_ONLY___ ╝

2022-06-29 13:43:27,968 DEBUG    root            Updating notification cache...
2022-06-29 13:43:27,969 INFO     ___FILE_ONLY___ 

2022-06-29 13:43:27,973 INFO     ___FILE_ONLY___ Performing post processing steps...
2022-06-29 13:43:27,974 DEBUG    root            Executing command: ['python3', '-S', '/tools/google-cloud-sdk/lib/gcloud.py', 'components', 'post-process']
2022-06-29 13:43:48,006 DEBUG    ___FILE_ONLY___ 
2022-06-29 13:43:48,006 DEBUG    ___FILE_ONLY___ 
2022-06-29 13:43:48,268 INFO     ___FILE_ONLY___ 
Update done!


2022-06-29 13:43:48,273 INFO     root            Display format: "none"
