2022-06-29 13:43:49,035 DEBUG    root            Loaded Command Group: ['gcloud', 'components']
2022-06-29 13:43:49,037 DEBUG    root            Loaded Command Group: ['gcloud', 'components', 'update']
2022-06-29 13:43:49,040 DEBUG    root            Running [gcloud.components.update] with arguments: [--quiet: "True", COMPONENT-IDS:8: "['gcloud', 'core', 'bq', 'gsutil', 'compute', 'preview', 'alpha', 'beta']"]
2022-06-29 13:43:49,046 INFO     ___FILE_ONLY___ Beginning update. This process may take several minutes.

2022-06-29 13:43:49,051 DEBUG    urllib3.connectionpool Starting new HTTPS connection (1): dl.google.com:443
2022-06-29 13:43:49,076 DEBUG    urllib3.connectionpool https://dl.google.com:443 "GET /dl/cloudsdk/channels/rapid/components-2.json HTTP/1.1" 200 192551
2022-06-29 13:43:49,096 WARNING  root            Component [compute] no longer exists.
2022-06-29 13:43:49,096 WARNING  root            Component [preview] no longer exists.
2022-06-29 13:43:49,097 INFO     ___FILE_ONLY___ 

2022-06-29 13:43:49,098 INFO     ___FILE_ONLY___ 
Your current Google Cloud CLI version is: 392.0.0

2022-06-29 13:43:49,098 INFO     ___FILE_ONLY___ Installing components from version: 392.0.0

2022-06-29 13:43:49,098 INFO     ___FILE_ONLY___ 

2022-06-29 13:43:49,101 INFO     ___FILE_ONLY___ ┌──────────────────────────────────────────────┐
2022-06-29 13:43:49,101 INFO     ___FILE_ONLY___ 

2022-06-29 13:43:49,101 INFO     ___FILE_ONLY___ │     These components will be installed.      │
2022-06-29 13:43:49,102 INFO     ___FILE_ONLY___ 

2022-06-29 13:43:49,102 INFO     ___FILE_ONLY___ ├───────────────────────┬────────────┬─────────┤
2022-06-29 13:43:49,102 INFO     ___FILE_ONLY___ 

2022-06-29 13:43:49,102 INFO     ___FILE_ONLY___ │          Name         │  Version   │   Size  │
2022-06-29 13:43:49,102 INFO     ___FILE_ONLY___ 

2022-06-29 13:43:49,102 INFO     ___FILE_ONLY___ ├───────────────────────┼────────────┼─────────┤
2022-06-29 13:43:49,102 INFO     ___FILE_ONLY___ 

2022-06-29 13:43:49,102 INFO     ___FILE_ONLY___ │ 
2022-06-29 13:43:49,102 INFO     ___FILE_ONLY___ gcloud Alpha Commands
2022-06-29 13:43:49,102 INFO     ___FILE_ONLY___  
2022-06-29 13:43:49,102 INFO     ___FILE_ONLY___ │ 
2022-06-29 13:43:49,102 INFO     ___FILE_ONLY___ 2022.06.24
2022-06-29 13:43:49,102 INFO     ___FILE_ONLY___  
2022-06-29 13:43:49,102 INFO     ___FILE_ONLY___ │ 
2022-06-29 13:43:49,103 INFO     ___FILE_ONLY___ < 1 MiB
2022-06-29 13:43:49,103 INFO     ___FILE_ONLY___  
2022-06-29 13:43:49,103 INFO     ___FILE_ONLY___ │
2022-06-29 13:43:49,103 INFO     ___FILE_ONLY___ 

2022-06-29 13:43:49,103 INFO     ___FILE_ONLY___ │ 
2022-06-29 13:43:49,103 INFO     ___FILE_ONLY___ gcloud Beta Commands 
2022-06-29 13:43:49,103 INFO     ___FILE_ONLY___  
2022-06-29 13:43:49,103 INFO     ___FILE_ONLY___ │ 
2022-06-29 13:43:49,103 INFO     ___FILE_ONLY___ 2022.06.24
2022-06-29 13:43:49,103 INFO     ___FILE_ONLY___  
2022-06-29 13:43:49,103 INFO     ___FILE_ONLY___ │ 
2022-06-29 13:43:49,103 INFO     ___FILE_ONLY___ < 1 MiB
2022-06-29 13:43:49,103 INFO     ___FILE_ONLY___  
2022-06-29 13:43:49,103 INFO     ___FILE_ONLY___ │
2022-06-29 13:43:49,104 INFO     ___FILE_ONLY___ 

2022-06-29 13:43:49,104 INFO     ___FILE_ONLY___ └───────────────────────┴────────────┴─────────┘
2022-06-29 13:43:49,104 INFO     ___FILE_ONLY___ 

2022-06-29 13:43:49,104 INFO     ___FILE_ONLY___ 

2022-06-29 13:43:49,106 DEBUG    urllib3.connectionpool Starting new HTTPS connection (1): dl.google.com:443
2022-06-29 13:43:49,126 DEBUG    urllib3.connectionpool https://dl.google.com:443 "GET /dl/cloudsdk/channels/rapid/RELEASE_NOTES HTTP/1.1" 200 827483
2022-06-29 13:43:49,177 INFO     ___FILE_ONLY___ For the latest full release notes, please visit:
  https://cloud.google.com/sdk/release_notes


2022-06-29 13:43:49,183 INFO     ___FILE_ONLY___ ╔════════════════════════════════════════════════════════════╗

2022-06-29 13:43:49,183 INFO     ___FILE_ONLY___ ╠═ Creating update staging area                             ═╣

2022-06-29 13:43:49,183 INFO     ___FILE_ONLY___ ╚
2022-06-29 13:43:49,184 INFO     ___FILE_ONLY___ ══════
2022-06-29 13:43:49,761 INFO     ___FILE_ONLY___ ══════
2022-06-29 13:43:49,761 INFO     ___FILE_ONLY___ ══════
2022-06-29 13:43:50,035 INFO     ___FILE_ONLY___ ═
2022-06-29 13:43:50,099 INFO     ___FILE_ONLY___ ═
2022-06-29 13:43:50,173 INFO     ___FILE_ONLY___ ═
2022-06-29 13:43:50,256 INFO     ___FILE_ONLY___ ═
2022-06-29 13:43:50,361 INFO     ___FILE_ONLY___ ═
2022-06-29 13:43:50,433 INFO     ___FILE_ONLY___ ═
2022-06-29 13:43:50,543 INFO     ___FILE_ONLY___ ═
2022-06-29 13:43:50,643 INFO     ___FILE_ONLY___ ═
2022-06-29 13:43:50,729 INFO     ___FILE_ONLY___ ═
2022-06-29 13:43:50,833 INFO     ___FILE_ONLY___ ═
2022-06-29 13:43:50,918 INFO     ___FILE_ONLY___ ═
2022-06-29 13:43:51,032 INFO     ___FILE_ONLY___ ═
2022-06-29 13:43:51,112 INFO     ___FILE_ONLY___ ═
2022-06-29 13:43:51,195 INFO     ___FILE_ONLY___ ═
2022-06-29 13:43:51,282 INFO     ___FILE_ONLY___ ═
2022-06-29 13:43:51,580 INFO     ___FILE_ONLY___ ═
2022-06-29 13:43:51,694 INFO     ___FILE_ONLY___ ═
2022-06-29 13:43:51,771 INFO     ___FILE_ONLY___ ═
2022-06-29 13:43:51,845 INFO     ___FILE_ONLY___ ═
2022-06-29 13:43:52,011 INFO     ___FILE_ONLY___ ═
2022-06-29 13:43:52,132 INFO     ___FILE_ONLY___ ═
2022-06-29 13:43:52,165 INFO     ___FILE_ONLY___ ═
2022-06-29 13:43:52,202 INFO     ___FILE_ONLY___ ═
2022-06-29 13:43:52,240 INFO     ___FILE_ONLY___ ═
2022-06-29 13:43:52,292 INFO     ___FILE_ONLY___ ═
2022-06-29 13:43:52,327 INFO     ___FILE_ONLY___ ═
2022-06-29 13:43:52,680 INFO     ___FILE_ONLY___ ═
2022-06-29 13:43:52,748 INFO     ___FILE_ONLY___ ═
2022-06-29 13:43:52,823 INFO     ___FILE_ONLY___ ═
2022-06-29 13:43:52,870 INFO     ___FILE_ONLY___ ═
2022-06-29 13:43:52,922 INFO     ___FILE_ONLY___ ═
2022-06-29 13:43:52,979 INFO     ___FILE_ONLY___ ═
2022-06-29 13:43:53,034 INFO     ___FILE_ONLY___ ═
2022-06-29 13:43:53,102 INFO     ___FILE_ONLY___ ═
2022-06-29 13:43:53,166 INFO     ___FILE_ONLY___ ═
2022-06-29 13:43:53,241 INFO     ___FILE_ONLY___ ═
2022-06-29 13:43:53,305 INFO     ___FILE_ONLY___ ═
2022-06-29 13:43:53,362 INFO     ___FILE_ONLY___ ═
2022-06-29 13:43:53,410 INFO     ___FILE_ONLY___ ═
2022-06-29 13:43:53,458 INFO     ___FILE_ONLY___ ═
2022-06-29 13:43:53,522 INFO     ___FILE_ONLY___ ═
2022-06-29 13:43:53,578 INFO     ___FILE_ONLY___ ═
2022-06-29 13:43:53,578 INFO     ___FILE_ONLY___ ╝

2022-06-29 13:43:55,886 INFO     ___FILE_ONLY___ ╔════════════════════════════════════════════════════════════╗

2022-06-29 13:43:55,886 INFO     ___FILE_ONLY___ ╠═ Installing: gcloud Alpha Commands                        ═╣

2022-06-29 13:43:55,886 INFO     ___FILE_ONLY___ ╚
2022-06-29 13:43:55,890 DEBUG    urllib3.connectionpool Starting new HTTPS connection (1): dl.google.com:443
2022-06-29 13:43:55,908 DEBUG    urllib3.connectionpool https://dl.google.com:443 "GET /dl/cloudsdk/channels/rapid/components/google-cloud-sdk-alpha-20220624143124.tar.gz HTTP/1.1" 200 800
2022-06-29 13:43:55,909 INFO     ___FILE_ONLY___ ══════════════════════════════
2022-06-29 13:43:55,911 INFO     ___FILE_ONLY___ ══════════════════════════════
2022-06-29 13:43:55,912 INFO     ___FILE_ONLY___ ╝

2022-06-29 13:43:55,922 INFO     ___FILE_ONLY___ ╔════════════════════════════════════════════════════════════╗

2022-06-29 13:43:55,922 INFO     ___FILE_ONLY___ ╠═ Installing: gcloud Beta Commands                         ═╣

2022-06-29 13:43:55,922 INFO     ___FILE_ONLY___ ╚
2022-06-29 13:43:55,926 DEBUG    urllib3.connectionpool Starting new HTTPS connection (1): dl.google.com:443
2022-06-29 13:43:55,945 DEBUG    urllib3.connectionpool https://dl.google.com:443 "GET /dl/cloudsdk/channels/rapid/components/google-cloud-sdk-beta-20220624143124.tar.gz HTTP/1.1" 200 797
2022-06-29 13:43:55,945 INFO     ___FILE_ONLY___ ══════════════════════════════
2022-06-29 13:43:55,946 INFO     ___FILE_ONLY___ ══════════════════════════════
2022-06-29 13:43:55,947 INFO     ___FILE_ONLY___ ╝

2022-06-29 13:43:55,958 INFO     ___FILE_ONLY___ ╔════════════════════════════════════════════════════════════╗

2022-06-29 13:43:55,958 INFO     ___FILE_ONLY___ ╠═ Creating backup and activating new installation          ═╣

2022-06-29 13:43:55,958 INFO     ___FILE_ONLY___ ╚
2022-06-29 13:43:55,958 DEBUG    root            Attempting to move directory [/tools/google-cloud-sdk] to [/tools/google-cloud-sdk.staging/.install/.backup]
2022-06-29 13:43:55,959 INFO     ___FILE_ONLY___ ══════════════════════════════
2022-06-29 13:43:55,959 DEBUG    root            Attempting to move directory [/tools/google-cloud-sdk.staging] to [/tools/google-cloud-sdk]
2022-06-29 13:43:55,959 INFO     ___FILE_ONLY___ ══════════════════════════════
2022-06-29 13:43:55,959 INFO     ___FILE_ONLY___ ╝

2022-06-29 13:43:55,963 DEBUG    root            Updating notification cache...
2022-06-29 13:43:55,964 INFO     ___FILE_ONLY___ 

2022-06-29 13:43:55,968 INFO     ___FILE_ONLY___ Performing post processing steps...
2022-06-29 13:43:55,969 DEBUG    root            Executing command: ['python3', '-S', '/tools/google-cloud-sdk/lib/gcloud.py', 'components', 'post-process']
2022-06-29 13:44:16,902 DEBUG    ___FILE_ONLY___ 
2022-06-29 13:44:16,902 DEBUG    ___FILE_ONLY___ 
2022-06-29 13:44:17,002 INFO     ___FILE_ONLY___ 
Update done!


2022-06-29 13:44:17,006 INFO     root            Display format: "none"
